<?xml version="1.0" encoding="UTF-8"?>
<testsuite xmlns:xsi="http://www.w3.org/2001/XMLSchema-instance" xsi:noNamespaceSchemaLocation="https://maven.apache.org/surefire/maven-surefire-plugin/xsd/surefire-test-report.xsd" name="in.greenbarn.greenbarnadmin.AdminControllerTest" time="13.208" tests="1" errors="1" skipped="0" failures="0">
  <properties>
[...]
</properties>
  <testcase name="retrieveDetailsForAdmin" classname="in.greenbarn.greenbarnadmin.AdminControllerTest" time="0.069">
    <error type="java.lang.IllegalArgumentException">java.lang.IllegalArgumentException
	at in.greenbarn.greenbarnadmin.AdminControllerTest.retrieveDetailsForAdmin(AdminControllerTest.java:38)
</error>
    <system-out><![CDATA[22:45:09.908 [main] DEBUG org.springframework.test.context.junit4.SpringJUnit4ClassRunner - SpringJUnit4ClassRunner constructor called with [class in.greenbarn.greenbarnadmin.AdminControllerTest]
22:45:09.932 [main] DEBUG org.springframework.test.context.BootstrapUtils - Instantiating CacheAwareContextLoaderDelegate from class [org.springframework.test.context.cache.DefaultCacheAwareContextLoaderDelegate]
22:45:09.958 [main] DEBUG org.springframework.test.context.BootstrapUtils - Instantiating BootstrapContext using constructor [public org.springframework.test.context.support.DefaultBootstrapContext(java.lang.Class,org.springframework.test.context.CacheAwareContextLoaderDelegate)]
22:45:10.085 [main] DEBUG org.springframework.test.context.BootstrapUtils - Instantiating TestContextBootstrapper for test class [in.greenbarn.greenbarnadmin.AdminControllerTest] from class [org.springframework.boot.test.autoconfigure.web.servlet.WebMvcTestContextBootstrapper]
22:45:10.174 [main] INFO org.springframework.boot.test.autoconfigure.web.servlet.WebMvcTestContextBootstrapper - Neither @ContextConfiguration nor @ContextHierarchy found for test class [in.greenbarn.greenbarnadmin.AdminControllerTest], using SpringBootContextLoader
22:45:10.186 [main] DEBUG org.springframework.test.context.support.AbstractContextLoader - Did not detect default resource location for test class [in.greenbarn.greenbarnadmin.AdminControllerTest]: class path resource [in/greenbarn/greenbarnadmin/AdminControllerTest-context.xml] does not exist
22:45:10.189 [main] DEBUG org.springframework.test.context.support.AbstractContextLoader - Did not detect default resource location for test class [in.greenbarn.greenbarnadmin.AdminControllerTest]: class path resource [in/greenbarn/greenbarnadmin/AdminControllerTestContext.groovy] does not exist
22:45:10.194 [main] INFO org.springframework.test.context.support.AbstractContextLoader - Could not detect default resource locations for test class [in.greenbarn.greenbarnadmin.AdminControllerTest]: no resource found for suffixes {-context.xml, Context.groovy}.
22:45:10.200 [main] INFO org.springframework.test.context.support.AnnotationConfigContextLoaderUtils - Could not detect default configuration classes for test class [in.greenbarn.greenbarnadmin.AdminControllerTest]: AdminControllerTest does not declare any static, non-private, non-final, nested classes annotated with @Configuration.
22:45:10.553 [main] DEBUG org.springframework.test.context.support.ActiveProfilesUtils - Could not find an 'annotation declaring class' for annotation type [org.springframework.test.context.ActiveProfiles] and class [in.greenbarn.greenbarnadmin.AdminControllerTest]
22:45:10.892 [main] DEBUG org.springframework.context.annotation.ClassPathScanningCandidateComponentProvider - Identified candidate component class: file [C:\Users\Ishaan\Documents\Workspace\Greenbarn\GreenbarnAdmin\Eclipse\GreenbarnAdmin\target\classes\in\greenbarn\greenbarnadmin\GreenbarnAdminApplication.class]
22:45:10.897 [main] INFO org.springframework.boot.test.context.SpringBootTestContextBootstrapper - Found @SpringBootConfiguration in.greenbarn.greenbarnadmin.GreenbarnAdminApplication for test class in.greenbarn.greenbarnadmin.AdminControllerTest
22:45:10.908 [main] DEBUG org.springframework.boot.test.autoconfigure.web.servlet.WebMvcTestContextBootstrapper - @TestExecutionListeners is not present for class [in.greenbarn.greenbarnadmin.AdminControllerTest]: using defaults.
22:45:10.912 [main] INFO org.springframework.boot.test.autoconfigure.web.servlet.WebMvcTestContextBootstrapper - Loaded default TestExecutionListener class names from location [META-INF/spring.factories]: [org.springframework.boot.test.mock.mockito.MockitoTestExecutionListener, org.springframework.boot.test.mock.mockito.ResetMocksTestExecutionListener, org.springframework.boot.test.autoconfigure.restdocs.RestDocsTestExecutionListener, org.springframework.boot.test.autoconfigure.web.client.MockRestServiceServerResetTestExecutionListener, org.springframework.boot.test.autoconfigure.web.servlet.MockMvcPrintOnlyOnFailureTestExecutionListener, org.springframework.boot.test.autoconfigure.web.servlet.WebDriverTestExecutionListener, org.springframework.test.context.web.ServletTestExecutionListener, org.springframework.test.context.support.DirtiesContextBeforeModesTestExecutionListener, org.springframework.test.context.support.DependencyInjectionTestExecutionListener, org.springframework.test.context.support.DirtiesContextTestExecutionListener, org.springframework.test.context.transaction.TransactionalTestExecutionListener, org.springframework.test.context.jdbc.SqlScriptsTestExecutionListener]
22:45:11.079 [main] INFO org.springframework.boot.test.autoconfigure.web.servlet.WebMvcTestContextBootstrapper - Using TestExecutionListeners: [org.springframework.test.context.web.ServletTestExecutionListener@6e4784bc, org.springframework.test.context.support.DirtiesContextBeforeModesTestExecutionListener@34b7ac2f, org.springframework.boot.test.mock.mockito.MockitoTestExecutionListener@e056f20, org.springframework.boot.test.autoconfigure.SpringBootDependencyInjectionTestExecutionListener@4b0b0854, org.springframework.test.context.support.DirtiesContextTestExecutionListener@19bb07ed, org.springframework.test.context.transaction.TransactionalTestExecutionListener@10e41621, org.springframework.test.context.jdbc.SqlScriptsTestExecutionListener@353d0772, org.springframework.boot.test.mock.mockito.ResetMocksTestExecutionListener@2667f029, org.springframework.boot.test.autoconfigure.restdocs.RestDocsTestExecutionListener@67a20f67, org.springframework.boot.test.autoconfigure.web.client.MockRestServiceServerResetTestExecutionListener@57c758ac, org.springframework.boot.test.autoconfigure.web.servlet.MockMvcPrintOnlyOnFailureTestExecutionListener@a9cd3b1, org.springframework.boot.test.autoconfigure.web.servlet.WebDriverTestExecutionListener@13e39c73]
22:45:11.129 [main] DEBUG org.springframework.test.annotation.ProfileValueUtils - Retrieved @ProfileValueSourceConfiguration [null] for test class [in.greenbarn.greenbarnadmin.AdminControllerTest]
22:45:11.131 [main] DEBUG org.springframework.test.annotation.ProfileValueUtils - Retrieved ProfileValueSource type [class org.springframework.test.annotation.SystemProfileValueSource] for class [in.greenbarn.greenbarnadmin.AdminControllerTest]
22:45:11.137 [main] DEBUG org.springframework.test.annotation.ProfileValueUtils - Retrieved @ProfileValueSourceConfiguration [null] for test class [in.greenbarn.greenbarnadmin.AdminControllerTest]
22:45:11.142 [main] DEBUG org.springframework.test.annotation.ProfileValueUtils - Retrieved ProfileValueSource type [class org.springframework.test.annotation.SystemProfileValueSource] for class [in.greenbarn.greenbarnadmin.AdminControllerTest]
22:45:11.191 [main] DEBUG org.springframework.test.annotation.ProfileValueUtils - Retrieved @ProfileValueSourceConfiguration [null] for test class [in.greenbarn.greenbarnadmin.AdminControllerTest]
22:45:11.194 [main] DEBUG org.springframework.test.annotation.ProfileValueUtils - Retrieved ProfileValueSource type [class org.springframework.test.annotation.SystemProfileValueSource] for class [in.greenbarn.greenbarnadmin.AdminControllerTest]
22:45:11.212 [main] DEBUG org.springframework.test.context.support.AbstractDirtiesContextTestExecutionListener - Before test class: context [DefaultTestContext@15eb5ee5 testClass = AdminControllerTest, testInstance = [null], testMethod = [null], testException = [null], mergedContextConfiguration = [WebMergedContextConfiguration@2145b572 testClass = AdminControllerTest, locations = '{}', classes = '{class in.greenbarn.greenbarnadmin.GreenbarnAdminApplication}', contextInitializerClasses = '[]', activeProfiles = '{}', propertySourceLocations = '{}', propertySourceProperties = '{org.springframework.boot.test.autoconfigure.web.servlet.WebMvcTestContextBootstrapper=true}', contextCustomizers = set[[ImportsContextCustomizer@39529185 key = [org.springframework.boot.autoconfigure.cache.CacheAutoConfiguration, org.springframework.boot.autoconfigure.context.MessageSourceAutoConfiguration, org.springframework.boot.autoconfigure.data.web.SpringDataWebAutoConfiguration, org.springframework.boot.autoconfigure.freemarker.FreeMarkerAutoConfiguration, org.springframework.boot.autoconfigure.groovy.template.GroovyTemplateAutoConfiguration, org.springframework.boot.autoconfigure.gson.GsonAutoConfiguration, org.springframework.boot.autoconfigure.hateoas.HypermediaAutoConfiguration, org.springframework.boot.autoconfigure.http.HttpMessageConvertersAutoConfiguration, org.springframework.boot.autoconfigure.jackson.JacksonAutoConfiguration, org.springframework.boot.autoconfigure.jsonb.JsonbAutoConfiguration, org.springframework.boot.autoconfigure.mustache.MustacheAutoConfiguration, org.springframework.boot.autoconfigure.task.TaskExecutionAutoConfiguration, org.springframework.boot.autoconfigure.thymeleaf.ThymeleafAutoConfiguration, org.springframework.boot.autoconfigure.validation.ValidationAutoConfiguration, org.springframework.boot.autoconfigure.web.servlet.error.ErrorMvcAutoConfiguration, org.springframework.boot.autoconfigure.web.servlet.WebMvcAutoConfiguration, org.springframework.boot.test.autoconfigure.web.servlet.MockMvcAutoConfiguration, org.springframework.boot.test.autoconfigure.web.servlet.MockMvcSecurityAutoConfiguration, org.springframework.boot.test.autoconfigure.web.servlet.MockMvcWebClientAutoConfiguration, org.springframework.boot.test.autoconfigure.web.servlet.MockMvcWebDriverAutoConfiguration]], org.springframework.boot.test.context.filter.ExcludeFilterContextCustomizer@3ffcd140, org.springframework.boot.test.json.DuplicateJsonObjectContextCustomizerFactory$DuplicateJsonObjectContextCustomizer@120d6fe6, org.springframework.boot.test.mock.mockito.MockitoContextCustomizer@5e2bfc3, org.springframework.boot.test.autoconfigure.OverrideAutoConfigurationContextCustomizerFactory$DisableAutoConfigurationContextCustomizer@78a2da20, org.springframework.boot.test.autoconfigure.filter.TypeExcludeFiltersContextCustomizer@3ddaba09, org.springframework.boot.test.autoconfigure.properties.PropertyMappingContextCustomizer@9ac131dd, org.springframework.boot.test.autoconfigure.web.servlet.WebDriverContextCustomizerFactory$Customizer@67e2d983], resourceBasePath = '', contextLoader = 'org.springframework.boot.test.context.SpringBootContextLoader', parent = [null]], attributes = map[[empty]]], class annotated with @DirtiesContext [false] with mode [null].
22:45:11.236 [main] DEBUG org.springframework.test.annotation.ProfileValueUtils - Retrieved @ProfileValueSourceConfiguration [null] for test class [in.greenbarn.greenbarnadmin.AdminControllerTest]
22:45:11.236 [main] DEBUG org.springframework.test.annotation.ProfileValueUtils - Retrieved ProfileValueSource type [class org.springframework.test.annotation.SystemProfileValueSource] for class [in.greenbarn.greenbarnadmin.AdminControllerTest]
22:45:11.770 [main] DEBUG org.springframework.test.context.support.TestPropertySourceUtils - Adding inlined properties to environment: {spring.jmx.enabled=false, org.springframework.boot.test.autoconfigure.web.servlet.WebMvcTestContextBootstrapper=true, server.port=-1}

  .   ____          _            __ _ _
 /\\ / ___'_ __ _ _(_)_ __  __ _ \ \ \ \
( ( )\___ | '_ | '_| | '_ \/ _` | \ \ \ \
 \\/  ___)| |_)| | | | | || (_| |  ) ) ) )
  '  |____| .__|_| |_|_| |_\__, | / / / /
 =========|_|==============|___/=/_/_/_/
 :: Spring Boot ::        (v2.1.3.RELEASE)

2019-03-23 22:45:12.953  INFO 6180 --- [           main] i.g.greenbarnadmin.AdminControllerTest   : Starting AdminControllerTest on Ishaan with PID 6180 (started by Ishaan in C:\Users\Ishaan\Documents\Workspace\Greenbarn\GreenbarnAdmin\Eclipse\GreenbarnAdmin)
2019-03-23 22:45:12.967  INFO 6180 --- [           main] i.g.greenbarnadmin.AdminControllerTest   : No active profile set, falling back to default profiles: default
2019-03-23 22:45:20.565  INFO 6180 --- [           main] o.s.s.concurrent.ThreadPoolTaskExecutor  : Initializing ExecutorService 'applicationTaskExecutor'
2019-03-23 22:45:21.821  INFO 6180 --- [           main] o.s.b.t.m.w.SpringBootMockServletContext : Initializing Spring TestDispatcherServlet ''
2019-03-23 22:45:21.821  INFO 6180 --- [           main] o.s.t.web.servlet.TestDispatcherServlet  : Initializing Servlet ''
2019-03-23 22:45:21.892  INFO 6180 --- [           main] o.s.t.web.servlet.TestDispatcherServlet  : Completed initialization in 70 ms
2019-03-23 22:45:22.102  INFO 6180 --- [           main] i.g.greenbarnadmin.AdminControllerTest   : Started AdminControllerTest in 10.307 seconds (JVM running for 14.399)
]]></system-out>
  </testcase>
</testsuite>